<?xml version="1.0" encoding="utf-8"?><testsuites name="pytest tests"><testsuite name="pytest" errors="0" failures="0" skipped="0" tests="21" time="7.593" timestamp="2026-03-06T17:26:40.974209+00:00" hostname="agent-env-97ad17bf-e8fb-458c-bcfd-fa6b0821c426"><testcase classname="backend.tests.test_categories.TestAdminAuth" name="test_admin_login_success" time="0.219" /><testcase classname="backend.tests.test_categories.TestAdminAuth" name="test_admin_login_invalid_credentials" time="0.118" /><testcase classname="backend.tests.test_categories.TestCategoriesPublicEndpoint" name="test_categories_list_public" time="0.141" /><testcase classname="backend.tests.test_categories.TestCategoriesAuthenticatedEndpoint" name="test_get_categories_with_auth" time="0.267" /><testcase classname="backend.tests.test_categories.TestCategoriesAuthenticatedEndpoint" name="test_get_categories_without_auth" time="0.162" /><testcase classname="backend.tests.test_categories.TestCategorySelection" name="test_select_categories_success" time="0.357" /><testcase classname="backend.tests.test_categories.TestCategorySelection" name="test_select_categories_minimum_3" time="0.363" /><testcase classname="backend.tests.test_categories.TestCategorySelection" name="test_select_categories_empty" time="0.240" /><testcase classname="backend.tests.test_categories.TestCategorySelection" name="test_select_categories_without_auth" time="0.112" /><testcase classname="backend.tests.test_categories.TestAdminCategoryUpdate" name="test_update_category_description" time="0.472" /><testcase classname="backend.tests.test_categories.TestAdminCategoryUpdate" name="test_update_category_icon" time="0.470" /><testcase classname="backend.tests.test_categories.TestAdminCategoryUpdate" name="test_update_category_color" time="0.503" /><testcase classname="backend.tests.test_categories.TestAdminCategoryUpdate" name="test_update_category_multiple_fields" time="0.453" /><testcase classname="backend.tests.test_categories.TestAdminCategoryUpdate" name="test_update_category_clear_description" time="0.476" /><testcase classname="backend.tests.test_categories.TestAdminCategoryUpdate" name="test_update_category_invalid_icon" time="0.465" /><testcase classname="backend.tests.test_categories.TestAdminCategoryUpdate" name="test_update_category_invalid_color" time="0.799" /><testcase classname="backend.tests.test_categories.TestAdminCategoryUpdate" name="test_update_category_not_found" time="0.232" /><testcase classname="backend.tests.test_categories.TestAdminCategoryUpdate" name="test_update_category_no_fields" time="0.460" /><testcase classname="backend.tests.test_categories.TestAdminCategoryUpdate" name="test_update_category_without_auth" time="0.446" /><testcase classname="backend.tests.test_categories.TestUserOnboardingStatus" name="test_user_has_onboarding_fields" time="0.227" /><testcase classname="backend.tests.test_categories.TestUserOnboardingStatus" name="test_onboarding_complete_after_selection" time="0.481" /></testsuite></testsuites>